  updateGame.cpp
D:\VS_project\Plants VS Zombie\source\updateGame.cpp(83,36): warning C4244: “参数”: 从“__int64”转换到“int”，可能丢失数据
D:\VS_project\Plants VS Zombie\source\updateGame.cpp(85,18): warning C4244: “初始化”: 从“__int64”转换到“float”，可能丢失数据
D:\VS_project\Plants VS Zombie\source\updateGame.cpp(86,24): warning C4244: “=”: 从“double”转换到“float”，可能丢失数据
D:\VS_project\Plants VS Zombie\source\updateGame.cpp(109,67): warning C4244: “参数”: 从“__int64”转换到“int”，可能丢失数据
D:\VS_project\Plants VS Zombie\source\updateGame.cpp(109,42): warning C4244: “参数”: 从“double”转换到“int”，可能丢失数据
D:\VS_project\Plants VS Zombie\source\updateGame.cpp(110,67): warning C4244: “参数”: 从“__int64”转换到“int”，可能丢失数据
D:\VS_project\Plants VS Zombie\source\updateGame.cpp(110,42): warning C4244: “参数”: 从“double”转换到“int”，可能丢失数据
D:\VS_project\Plants VS Zombie\source\updateGame.cpp(112,23): warning C4305: “=”: 从“double”到“float”截断
D:\VS_project\Plants VS Zombie\source\updateGame.cpp(209,10): warning C4244: “初始化”: 从“__int64”转换到“int”，可能丢失数据
D:\VS_project\Plants VS Zombie\source\updateGame.cpp(233,10): warning C4244: “初始化”: 从“__int64”转换到“int”，可能丢失数据
D:\VS_project\Plants VS Zombie\source\updateGame.cpp(257,10): warning C4244: “初始化”: 从“__int64”转换到“int”，可能丢失数据
D:\VS_project\Plants VS Zombie\source\updateGame.cpp(281,10): warning C4244: “初始化”: 从“__int64”转换到“int”，可能丢失数据
D:\VS_project\Plants VS Zombie\source\updateGame.cpp(312,10): warning C4244: “初始化”: 从“__int64”转换到“int”，可能丢失数据
D:\VS_project\Plants VS Zombie\source\updateGame.cpp(336,10): warning C4244: “初始化”: 从“__int64”转换到“int”，可能丢失数据
D:\VS_project\Plants VS Zombie\source\updateGame.cpp(360,10): warning C4244: “初始化”: 从“__int64”转换到“int”，可能丢失数据
D:\VS_project\Plants VS Zombie\source\updateGame.cpp(384,10): warning C4244: “初始化”: 从“__int64”转换到“int”，可能丢失数据
D:\VS_project\Plants VS Zombie\source\updateGame.cpp(415,11): warning C4244: “初始化”: 从“__int64”转换到“int”，可能丢失数据
D:\VS_project\Plants VS Zombie\source\updateGame.cpp(416,11): warning C4244: “初始化”: 从“__int64”转换到“int”，可能丢失数据
D:\VS_project\Plants VS Zombie\source\updateGame.cpp(461,11): warning C4244: “初始化”: 从“__int64”转换到“int”，可能丢失数据
D:\VS_project\Plants VS Zombie\source\updateGame.cpp(462,11): warning C4244: “初始化”: 从“__int64”转换到“int”，可能丢失数据
D:\VS_project\Plants VS Zombie\source\updateGame.cpp(507,11): warning C4244: “初始化”: 从“__int64”转换到“int”，可能丢失数据
D:\VS_project\Plants VS Zombie\source\updateGame.cpp(508,11): warning C4244: “初始化”: 从“__int64”转换到“int”，可能丢失数据
D:\VS_project\Plants VS Zombie\source\updateGame.cpp(553,11): warning C4244: “初始化”: 从“__int64”转换到“int”，可能丢失数据
D:\VS_project\Plants VS Zombie\source\updateGame.cpp(554,11): warning C4244: “初始化”: 从“__int64”转换到“int”，可能丢失数据
D:\VS_project\Plants VS Zombie\source\updateGame.cpp(607,9): warning C4244: “初始化”: 从“__int64”转换到“int”，可能丢失数据
D:\VS_project\Plants VS Zombie\source\updateGame.cpp(862,23): warning C4244: “=”: 从“double”转换到“int”，可能丢失数据
D:\VS_project\Plants VS Zombie\source\updateGame.cpp(911,27): warning C4244: “=”: 从“double”转换到“int”，可能丢失数据
D:\VS_project\Plants VS Zombie\source\updateGame.cpp(960,31): warning C4244: “=”: 从“double”转换到“int”，可能丢失数据
D:\VS_project\Plants VS Zombie\source\updateGame.cpp(1009,33): warning C4244: “=”: 从“double”转换到“int”，可能丢失数据
D:\VS_project\Plants VS Zombie\source\updateGame.cpp(1242,15): warning C4244: “初始化”: 从“int”转换到“float”，可能丢失数据
D:\VS_project\Plants VS Zombie\source\updateGame.cpp(1243,15): warning C4244: “初始化”: 从“int”转换到“float”，可能丢失数据
D:\VS_project\Plants VS Zombie\source\updateGame.cpp(1270,76): warning C4244: “=”: 从“float”转换到“__int64”，可能丢失数据
D:\VS_project\Plants VS Zombie\source\updateGame.cpp(1271,30): warning C4244: “=”: 从“float”转换到“__int64”，可能丢失数据
D:\VS_project\Plants VS Zombie\source\updateGame.cpp(1280,23): warning C4244: “初始化”: 从“__int64”转换到“float”，可能丢失数据
D:\VS_project\Plants VS Zombie\source\updateGame.cpp(1282,38): warning C4244: “=”: 从“double”转换到“float”，可能丢失数据
D:\VS_project\Plants VS Zombie\source\updateGame.cpp(1301,75): warning C4244: “=”: 从“float”转换到“__int64”，可能丢失数据
D:\VS_project\Plants VS Zombie\source\updateGame.cpp(1302,29): warning C4244: “=”: 从“float”转换到“__int64”，可能丢失数据
D:\VS_project\Plants VS Zombie\source\updateGame.cpp(1324,76): warning C4244: “=”: 从“float”转换到“__int64”，可能丢失数据
D:\VS_project\Plants VS Zombie\source\updateGame.cpp(1325,30): warning C4244: “=”: 从“float”转换到“__int64”，可能丢失数据
D:\VS_project\Plants VS Zombie\source\updateGame.cpp(1334,23): warning C4244: “初始化”: 从“__int64”转换到“float”，可能丢失数据
D:\VS_project\Plants VS Zombie\source\updateGame.cpp(1336,38): warning C4244: “=”: 从“double”转换到“float”，可能丢失数据
D:\VS_project\Plants VS Zombie\source\updateGame.cpp(1490,45): warning C4244: “=”: 从“__int64”转换到“int”，可能丢失数据
D:\VS_project\Plants VS Zombie\source\updateGame.cpp(1526,34): warning C4244: “+=”: 从“float”转换到“__int64”，可能丢失数据
D:\VS_project\Plants VS Zombie\source\updateGame.cpp(1530,45): warning C4244: “=”: 从“__int64”转换到“int”，可能丢失数据
D:\VS_project\Plants VS Zombie\source\updateGame.cpp(1599,19): warning C4244: “=”: 从“double”转换到“int”，可能丢失数据
D:\VS_project\Plants VS Zombie\source\updateGame.cpp(1629,23): warning C4244: “=”: 从“double”转换到“int”，可能丢失数据
D:\VS_project\Plants VS Zombie\source\updateGame.cpp(1659,27): warning C4244: “=”: 从“double”转换到“int”，可能丢失数据
D:\VS_project\Plants VS Zombie\source\updateGame.cpp(1690,29): warning C4244: “=”: 从“double”转换到“int”，可能丢失数据
D:\VS_project\Plants VS Zombie\source\updateGame.cpp(1753,22): warning C4244: “=”: 从“double”转换到“int”，可能丢失数据
D:\VS_project\Plants VS Zombie\source\updateGame.cpp(1821,26): warning C4244: “=”: 从“double”转换到“int”，可能丢失数据
D:\VS_project\Plants VS Zombie\source\updateGame.cpp(1889,30): warning C4244: “=”: 从“double”转换到“int”，可能丢失数据
D:\VS_project\Plants VS Zombie\source\updateGame.cpp(1957,32): warning C4244: “=”: 从“double”转换到“int”，可能丢失数据
  植物大战僵尸.vcxproj -> D:\VS_project\Plants VS Zombie\x64\Debug\PlantsVS Zombies.exe
